[Mon Apr 14 16:33:02 2025]  STARTUP       Server started on port 8081
[Mon Apr 14 16:33:02 2025]  STARTUP       Server started on port 8082
[Mon Apr 14 16:33:02 2025]  STARTUP       Server started on port 8083
[Mon Apr 14 16:33:02 2025]  STARTUP       Server started on port 8084
[Mon Apr 14 16:33:06 2025]  DEBUG         Registered client 127.0.0.1 : 8081 (total: 1)
[Mon Apr 14 16:33:06 2025]  CONNECTION    Client connected from 127.0.0.1 : 8081
[Mon Apr 14 16:33:11 2025]  DEBUG         Registered client 127.0.0.1 : 8082 (total: 2)
[Mon Apr 14 16:33:11 2025]  CONNECTION    Client connected from 127.0.0.1 : 8082
[Mon Apr 14 16:33:11 2025]  MESSAGE       Encrypted Message:  vrxufh:Vxepdulqh|wbsh:Vhd|gdwd:Wrushgr Odxqfk|wkuhdw_ohyho:0.32|orfdwlrq:Fhowlf Vhd
[Mon Apr 14 16:33:11 2025]  MESSAGE       Decrypted Message:  source:Submarine|type:Sea|data:Torpedo Launch|threat_level:0.32|location:Celtic Sea
[Mon Apr 14 16:33:11 2025]  THREAT        Source:  Submarine   Type:  Sea   Details:  Torpedo Launch        Threat Level:  0.32  Location:  Celtic Sea
[Mon Apr 14 16:33:14 2025]  DEBUG         Registered client 127.0.0.1 : 8083 (total: 3)
[Mon Apr 14 16:33:14 2025]  CONNECTION    Client connected from 127.0.0.1 : 8083
[Mon Apr 14 16:33:14 2025]  MESSAGE       Encrypted Message:  vrxufh:Udgdu|wbsh:Dlu|gdwd:Plvvloh Vwulnh|wkuhdw_ohyho:0.26|orfdwlrq:Hqjolvk Fkdqqho
[Mon Apr 14 16:33:14 2025]  MESSAGE       Decrypted Message:  source:Radar|type:Air|data:Missile Strike|threat_level:0.26|location:English Channel
[Mon Apr 14 16:33:14 2025]  THREAT        Source:  Radar       Type:  Air   Details:  Missile Strike        Threat Level:  0.26  Location:  English Channel
[Mon Apr 14 16:33:18 2025]  MESSAGE       Encrypted Message:  vrxufh:Vxepdulqh|wbsh:Vhd|gdwd:Hqhpb Vxepdulqh|wkuhdw_ohyho:0.40|orfdwlrq:Qruzhjldq Vhd
[Mon Apr 14 16:33:18 2025]  MESSAGE       Decrypted Message:  source:Submarine|type:Sea|data:Enemy Submarine|threat_level:0.40|location:Norwegian Sea
[Mon Apr 14 16:33:18 2025]  THREAT        Source:  Submarine   Type:  Sea   Details:  Enemy Submarine       Threat Level:  0.40  Location:  Norwegian Sea
[Mon Apr 14 16:33:19 2025]  MESSAGE       Encrypted Message:  vrxufh:Udgdu|wbsh:Dlu|gdwd:Hqhpb Dlufudiw|wkuhdw_ohyho:0.35|orfdwlrq:Qruwk Dwodqwlf
[Mon Apr 14 16:33:19 2025]  MESSAGE       Decrypted Message:  source:Radar|type:Air|data:Enemy Aircraft|threat_level:0.35|location:North Atlantic
[Mon Apr 14 16:33:19 2025]  THREAT        Source:  Radar       Type:  Air   Details:  Enemy Aircraft        Threat Level:  0.35  Location:  North Atlantic
[Mon Apr 14 16:33:22 2025]  DEBUG         Registered client 127.0.0.1 : 8084 (total: 4)
[Mon Apr 14 16:33:22 2025]  CONNECTION    Client connected from 127.0.0.1 : 8084
[Mon Apr 14 16:33:22 2025]  WAR_TEST      Source:  TEST        Type:  Sea   Details:  Ballistic Missile     Threat Level:  0.59  Location:  English Channel
[Mon Apr 14 16:33:22 2025]  SIMULATION    Simulation running,  100 seconds remaining
[Mon Apr 14 16:33:22 2025]  MESSAGE       Encrypted Message:  vrxufh:Vdwhoolwh|wbsh:Vhd|gdwd:Qdydo Iohhw|wkuhdw_ohyho:0.86|orfdwlrq:Phglwhuudqhdq
[Mon Apr 14 16:33:22 2025]  MESSAGE       Decrypted Message:  source:Satellite|type:Sea|data:Naval Fleet|threat_level:0.86|location:Mediterranean
[Mon Apr 14 16:33:22 2025]  THREAT        Source:  Satellite   Type:  Sea   Details:  Naval Fleet           Threat Level:  0.86  Location:  Mediterranean
[Mon Apr 14 16:33:24 2025]  MESSAGE       Encrypted Message:  vrxufh:Udgdu|wbsh:Dlu|gdwd:Gurqh Vzdup|wkuhdw_ohyho:0.35|orfdwlrq:Edowlf Vhd
[Mon Apr 14 16:33:24 2025]  MESSAGE       Decrypted Message:  source:Radar|type:Air|data:Drone Swarm|threat_level:0.35|location:Baltic Sea
[Mon Apr 14 16:33:24 2025]  THREAT        Source:  Radar       Type:  Air   Details:  Drone Swarm           Threat Level:  0.35  Location:  Baltic Sea
[Mon Apr 14 16:33:25 2025]  MESSAGE       Encrypted Message:  vrxufh:Vxepdulqh|wbsh:Vhd|gdwd:Wrushgr Odxqfk|wkuhdw_ohyho:0.78|orfdwlrq:Fhowlf Vhd
[Mon Apr 14 16:33:25 2025]  MESSAGE       Decrypted Message:  source:Submarine|type:Sea|data:Torpedo Launch|threat_level:0.78|location:Celtic Sea
[Mon Apr 14 16:33:25 2025]  THREAT        Source:  Submarine   Type:  Sea   Details:  Torpedo Launch        Threat Level:  0.78  Location:  Celtic Sea
[Mon Apr 14 16:33:27 2025]  SIMULATION    Simulation running,  95 seconds remaining
[Mon Apr 14 16:33:27 2025]  MESSAGE       Encrypted Message:  vrxufh:Vdwhoolwh|wbsh:Dlu|gdwd:Edoolvwlf Plvvloh|wkuhdw_ohyho:0.95|orfdwlrq:Dufwlf Rfhdq
[Mon Apr 14 16:33:27 2025]  MESSAGE       Decrypted Message:  source:Satellite|type:Air|data:Ballistic Missile|threat_level:0.95|location:Arctic Ocean
[Mon Apr 14 16:33:27 2025]  THREAT        Source:  Satellite   Type:  Air   Details:  Ballistic Missile     Threat Level:  0.95  Location:  Arctic Ocean
[Mon Apr 14 16:33:29 2025]  MESSAGE       Encrypted Message:  vrxufh:Udgdu|wbsh:Dlu|gdwd:Plvvloh Vwulnh|wkuhdw_ohyho:0.22|orfdwlrq:Hqjolvk Fkdqqho
[Mon Apr 14 16:33:29 2025]  MESSAGE       Decrypted Message:  source:Radar|type:Air|data:Missile Strike|threat_level:0.22|location:English Channel
[Mon Apr 14 16:33:29 2025]  THREAT        Source:  Radar       Type:  Air   Details:  Missile Strike        Threat Level:  0.22  Location:  English Channel
[Mon Apr 14 16:33:32 2025]  SIMULATION    Simulation running,  90 seconds remaining
[Mon Apr 14 16:33:32 2025]  MESSAGE       Encrypted Message:  vrxufh:Vdwhoolwh|wbsh:Dlu|gdwd:Vdwhoolwh Dqrpdob|wkuhdw_ohyho:0.95|orfdwlrq:Eduhqwv Vhd
[Mon Apr 14 16:33:32 2025]  MESSAGE       Decrypted Message:  source:Satellite|type:Air|data:Satellite Anomaly|threat_level:0.95|location:Barents Sea
[Mon Apr 14 16:33:32 2025]  THREAT        Source:  Satellite   Type:  Air   Details:  Satellite Anomaly     Threat Level:  0.95  Location:  Barents Sea
[Mon Apr 14 16:33:32 2025]  MESSAGE       Encrypted Message:  vrxufh:Vxepdulqh|wbsh:Vhd|gdwd:Qdydo Iohhw|wkuhdw_ohyho:0.82|orfdwlrq:Lulvk Vhd
[Mon Apr 14 16:33:32 2025]  MESSAGE       Decrypted Message:  source:Submarine|type:Sea|data:Naval Fleet|threat_level:0.82|location:Irish Sea
[Mon Apr 14 16:33:32 2025]  THREAT        Source:  Submarine   Type:  Sea   Details:  Naval Fleet           Threat Level:  0.82  Location:  Irish Sea
[Mon Apr 14 16:33:34 2025]  MESSAGE       Encrypted Message:  vrxufh:Udgdu|wbsh:Dlu|gdwd:Hqhpb Dlufudiw|wkuhdw_ohyho:0.11|orfdwlrq:Qruwk Dwodqwlf
[Mon Apr 14 16:33:34 2025]  MESSAGE       Decrypted Message:  source:Radar|type:Air|data:Enemy Aircraft|threat_level:0.11|location:North Atlantic
[Mon Apr 14 16:33:34 2025]  THREAT        Source:  Radar       Type:  Air   Details:  Enemy Aircraft        Threat Level:  0.11  Location:  North Atlantic
[Mon Apr 14 16:33:37 2025]  SIMULATION    Simulation running,  85 seconds remaining
[Mon Apr 14 16:33:37 2025]  MESSAGE       Encrypted Message:  vrxufh:Vdwhoolwh|wbsh:Vhd|gdwd:Qdydo Iohhw|wkuhdw_ohyho:0.82|orfdwlrq:Phglwhuudqhdq
[Mon Apr 14 16:33:37 2025]  MESSAGE       Decrypted Message:  source:Satellite|type:Sea|data:Naval Fleet|threat_level:0.82|location:Mediterranean
[Mon Apr 14 16:33:37 2025]  THREAT        Source:  Satellite   Type:  Sea   Details:  Naval Fleet           Threat Level:  0.82  Location:  Mediterranean
[Mon Apr 14 16:33:39 2025]  MESSAGE       Encrypted Message:  vrxufh:Udgdu|wbsh:Dlu|gdwd:Gurqh Vzdup|wkuhdw_ohyho:0.77|orfdwlrq:Edowlf Vhd
[Mon Apr 14 16:33:39 2025]  MESSAGE       Decrypted Message:  source:Radar|type:Air|data:Drone Swarm|threat_level:0.77|location:Baltic Sea
[Mon Apr 14 16:33:39 2025]  THREAT        Source:  Radar       Type:  Air   Details:  Drone Swarm           Threat Level:  0.77  Location:  Baltic Sea
[Mon Apr 14 16:33:39 2025]  COMMAND       Encrypted Command:  frppdqg:odxqfk|wdujhw:Edowlf Vhd|ghwdlov:Gurqh Vzdup
[Mon Apr 14 16:33:39 2025]  COMMAND       Decrypted Command:  command:launch|target:Baltic Sea|details:Drone Swarm
[Mon Apr 14 16:33:39 2025]  COMMAND       Sent command to 127.0.0.1 : 8081 for Radar threat: Drone Swarm at Baltic Sea
[Mon Apr 14 16:33:39 2025]  MESSAGE       Encrypted Message:  vrxufh:Vxepdulqh|wbsh:Vhd|gdwd:Wrushgr Odxqfk|wkuhdw_ohyho:0.39|orfdwlrq:Fhowlf Vhd
[Mon Apr 14 16:33:39 2025]  MESSAGE       Decrypted Message:  source:Submarine|type:Sea|data:Torpedo Launch|threat_level:0.39|location:Celtic Sea
[Mon Apr 14 16:33:39 2025]  THREAT        Source:  Submarine   Type:  Sea   Details:  Torpedo Launch        Threat Level:  0.39  Location:  Celtic Sea
[Mon Apr 14 16:33:42 2025]  SIMULATION    Simulation running,  80 seconds remaining
[Mon Apr 14 16:33:42 2025]  MESSAGE       Encrypted Message:  vrxufh:Vdwhoolwh|wbsh:Dlu|gdwd:Edoolvwlf Plvvloh|wkuhdw_ohyho:0.71|orfdwlrq:Dufwlf Rfhdq
[Mon Apr 14 16:33:42 2025]  MESSAGE       Decrypted Message:  source:Satellite|type:Air|data:Ballistic Missile|threat_level:0.71|location:Arctic Ocean
[Mon Apr 14 16:33:42 2025]  THREAT        Source:  Satellite   Type:  Air   Details:  Ballistic Missile     Threat Level:  0.71  Location:  Arctic Ocean
[Mon Apr 14 16:33:44 2025]  MESSAGE       Encrypted Message:  vrxufh:Udgdu|wbsh:Dlu|gdwd:Gurqh Vzdup|wkuhdw_ohyho:0.89|orfdwlrq:Edowlf Vhd
[Mon Apr 14 16:33:44 2025]  MESSAGE       Decrypted Message:  source:Radar|type:Air|data:Drone Swarm|threat_level:0.89|location:Baltic Sea
[Mon Apr 14 16:33:44 2025]  THREAT        Source:  Radar       Type:  Air   Details:  Drone Swarm           Threat Level:  0.89  Location:  Baltic Sea
[Mon Apr 14 16:33:44 2025]  COMMAND       Encrypted Command:  frppdqg:odxqfk|wdujhw:Edowlf Vhd|ghwdlov:Gurqh Vzdup
[Mon Apr 14 16:33:44 2025]  COMMAND       Decrypted Command:  command:launch|target:Baltic Sea|details:Drone Swarm
[Mon Apr 14 16:33:44 2025]  COMMAND       Sent command to 127.0.0.1 : 8081 for Radar threat: Drone Swarm at Baltic Sea
[Mon Apr 14 16:33:46 2025]  MESSAGE       Encrypted Message:  vrxufh:Vxepdulqh|wbsh:Vhd|gdwd:Qdydo Iohhw|wkuhdw_ohyho:0.89|orfdwlrq:Lulvk Vhd
[Mon Apr 14 16:33:46 2025]  MESSAGE       Decrypted Message:  source:Submarine|type:Sea|data:Naval Fleet|threat_level:0.89|location:Irish Sea
[Mon Apr 14 16:33:46 2025]  THREAT        Source:  Submarine   Type:  Sea   Details:  Naval Fleet           Threat Level:  0.89  Location:  Irish Sea
[Mon Apr 14 16:33:47 2025]  SIMULATION    Simulation running,  75 seconds remaining
[Mon Apr 14 16:33:47 2025]  MESSAGE       Encrypted Message:  vrxufh:Vdwhoolwh|wbsh:Dlu|gdwd:Vdwhoolwh Dqrpdob|wkuhdw_ohyho:0.77|orfdwlrq:Eduhqwv Vhd
[Mon Apr 14 16:33:47 2025]  MESSAGE       Decrypted Message:  source:Satellite|type:Air|data:Satellite Anomaly|threat_level:0.77|location:Barents Sea
[Mon Apr 14 16:33:47 2025]  THREAT        Source:  Satellite   Type:  Air   Details:  Satellite Anomaly     Threat Level:  0.77  Location:  Barents Sea
[Mon Apr 14 16:33:49 2025]  MESSAGE       Encrypted Message:  vrxufh:Udgdu|wbsh:Dlu|gdwd:Gurqh Vzdup|wkuhdw_ohyho:0.86|orfdwlrq:Edowlf Vhd
[Mon Apr 14 16:33:49 2025]  MESSAGE       Decrypted Message:  source:Radar|type:Air|data:Drone Swarm|threat_level:0.86|location:Baltic Sea
[Mon Apr 14 16:33:49 2025]  THREAT        Source:  Radar       Type:  Air   Details:  Drone Swarm           Threat Level:  0.86  Location:  Baltic Sea
[Mon Apr 14 16:33:49 2025]  COMMAND       Encrypted Command:  frppdqg:odxqfk|wdujhw:Edowlf Vhd|ghwdlov:Gurqh Vzdup
[Mon Apr 14 16:33:49 2025]  COMMAND       Decrypted Command:  command:launch|target:Baltic Sea|details:Drone Swarm
[Mon Apr 14 16:33:49 2025]  COMMAND       Sent command to 127.0.0.1 : 8081 for Radar threat: Drone Swarm at Baltic Sea
[Mon Apr 14 16:33:52 2025]  SIMULATION    Simulation running,  70 seconds remaining
[Mon Apr 14 16:33:52 2025]  MESSAGE       Encrypted Message:  vrxufh:Vdwhoolwh|wbsh:Dlu|gdwd:Vdwhoolwh Dqrpdob|wkuhdw_ohyho:0.89|orfdwlrq:Eduhqwv Vhd
[Mon Apr 14 16:33:52 2025]  MESSAGE       Decrypted Message:  source:Satellite|type:Air|data:Satellite Anomaly|threat_level:0.89|location:Barents Sea
[Mon Apr 14 16:33:52 2025]  THREAT        Source:  Satellite   Type:  Air   Details:  Satellite Anomaly     Threat Level:  0.89  Location:  Barents Sea
[Mon Apr 14 16:33:53 2025]  MESSAGE       Encrypted Message:  vrxufh:Vxepdulqh|wbsh:Vhd|gdwd:Wrushgr Odxqfk|wkuhdw_ohyho:0.49|orfdwlrq:Fhowlf Vhd
[Mon Apr 14 16:33:53 2025]  MESSAGE       Decrypted Message:  source:Submarine|type:Sea|data:Torpedo Launch|threat_level:0.49|location:Celtic Sea
[Mon Apr 14 16:33:53 2025]  THREAT        Source:  Submarine   Type:  Sea   Details:  Torpedo Launch        Threat Level:  0.49  Location:  Celtic Sea
[Mon Apr 14 16:33:54 2025]  MESSAGE       Encrypted Message:  vrxufh:Udgdu|wbsh:Dlu|gdwd:Hqhpb Dlufudiw|wkuhdw_ohyho:0.46|orfdwlrq:Qruwk Dwodqwlf
[Mon Apr 14 16:33:54 2025]  MESSAGE       Decrypted Message:  source:Radar|type:Air|data:Enemy Aircraft|threat_level:0.46|location:North Atlantic
[Mon Apr 14 16:33:54 2025]  THREAT        Source:  Radar       Type:  Air   Details:  Enemy Aircraft        Threat Level:  0.46  Location:  North Atlantic
[Mon Apr 14 16:33:57 2025]  SIMULATION    Simulation running,  65 seconds remaining
[Mon Apr 14 16:33:57 2025]  MESSAGE       Encrypted Message:  vrxufh:Vdwhoolwh|wbsh:Dlu|gdwd:Vdwhoolwh Dqrpdob|wkuhdw_ohyho:0.86|orfdwlrq:Eduhqwv Vhd
[Mon Apr 14 16:33:57 2025]  MESSAGE       Decrypted Message:  source:Satellite|type:Air|data:Satellite Anomaly|threat_level:0.86|location:Barents Sea
[Mon Apr 14 16:33:57 2025]  THREAT        Source:  Satellite   Type:  Air   Details:  Satellite Anomaly     Threat Level:  0.86  Location:  Barents Sea
[Mon Apr 14 16:33:59 2025]  MESSAGE       Encrypted Message:  vrxufh:Udgdu|wbsh:Dlu|gdwd:Plvvloh Vwulnh|wkuhdw_ohyho:0.56|orfdwlrq:Hqjolvk Fkdqqho
[Mon Apr 14 16:33:59 2025]  MESSAGE       Decrypted Message:  source:Radar|type:Air|data:Missile Strike|threat_level:0.56|location:English Channel
[Mon Apr 14 16:33:59 2025]  THREAT        Source:  Radar       Type:  Air   Details:  Missile Strike        Threat Level:  0.56  Location:  English Channel
[Mon Apr 14 16:34:00 2025]  MESSAGE       Encrypted Message:  vrxufh:Vxepdulqh|wbsh:Vhd|gdwd:Qdydo Iohhw|wkuhdw_ohyho:0.66|orfdwlrq:Lulvk Vhd
[Mon Apr 14 16:34:00 2025]  MESSAGE       Decrypted Message:  source:Submarine|type:Sea|data:Naval Fleet|threat_level:0.66|location:Irish Sea
[Mon Apr 14 16:34:00 2025]  THREAT        Source:  Submarine   Type:  Sea   Details:  Naval Fleet           Threat Level:  0.66  Location:  Irish Sea
[Mon Apr 14 16:34:02 2025]  SIMULATION    Simulation running,  60 seconds remaining
[Mon Apr 14 16:34:02 2025]  MESSAGE       Encrypted Message:  vrxufh:Vdwhoolwh|wbsh:Dlu|gdwd:Edoolvwlf Plvvloh|wkuhdw_ohyho:0.76|orfdwlrq:Dufwlf Rfhdq
[Mon Apr 14 16:34:02 2025]  MESSAGE       Decrypted Message:  source:Satellite|type:Air|data:Ballistic Missile|threat_level:0.76|location:Arctic Ocean
[Mon Apr 14 16:34:02 2025]  THREAT        Source:  Satellite   Type:  Air   Details:  Ballistic Missile     Threat Level:  0.76  Location:  Arctic Ocean
[Mon Apr 14 16:34:04 2025]  MESSAGE       Encrypted Message:  vrxufh:Udgdu|wbsh:Dlu|gdwd:Gurqh Vzdup|wkuhdw_ohyho:0.18|orfdwlrq:Edowlf Vhd
[Mon Apr 14 16:34:04 2025]  MESSAGE       Decrypted Message:  source:Radar|type:Air|data:Drone Swarm|threat_level:0.18|location:Baltic Sea
[Mon Apr 14 16:34:04 2025]  THREAT        Source:  Radar       Type:  Air   Details:  Drone Swarm           Threat Level:  0.18  Location:  Baltic Sea
[Mon Apr 14 16:34:07 2025]  SIMULATION    Simulation running,  55 seconds remaining
[Mon Apr 14 16:34:07 2025]  MESSAGE       Encrypted Message:  vrxufh:Vdwhoolwh|wbsh:Vhd|gdwd:Qdydo Iohhw|wkuhdw_ohyho:0.86|orfdwlrq:Phglwhuudqhdq
[Mon Apr 14 16:34:07 2025]  MESSAGE       Decrypted Message:  source:Satellite|type:Sea|data:Naval Fleet|threat_level:0.86|location:Mediterranean
[Mon Apr 14 16:34:07 2025]  THREAT        Source:  Satellite   Type:  Sea   Details:  Naval Fleet           Threat Level:  0.86  Location:  Mediterranean
[Mon Apr 14 16:34:07 2025]  MESSAGE       Encrypted Message:  vrxufh:Vxepdulqh|wbsh:Vhd|gdwd:Hqhpb Vxepdulqh|wkuhdw_ohyho:0.77|orfdwlrq:Qruzhjldq Vhd
[Mon Apr 14 16:34:07 2025]  MESSAGE       Decrypted Message:  source:Submarine|type:Sea|data:Enemy Submarine|threat_level:0.77|location:Norwegian Sea
[Mon Apr 14 16:34:07 2025]  THREAT        Source:  Submarine   Type:  Sea   Details:  Enemy Submarine       Threat Level:  0.77  Location:  Norwegian Sea
[Mon Apr 14 16:34:09 2025]  MESSAGE       Encrypted Message:  vrxufh:Udgdu|wbsh:Dlu|gdwd:Hqhpb Dlufudiw|wkuhdw_ohyho:0.79|orfdwlrq:Qruwk Dwodqwlf
[Mon Apr 14 16:34:09 2025]  MESSAGE       Decrypted Message:  source:Radar|type:Air|data:Enemy Aircraft|threat_level:0.79|location:North Atlantic
[Mon Apr 14 16:34:09 2025]  THREAT        Source:  Radar       Type:  Air   Details:  Enemy Aircraft        Threat Level:  0.79  Location:  North Atlantic
[Mon Apr 14 16:34:09 2025]  COMMAND       Encrypted Command:  frppdqg:odxqfk|wdujhw:Qruwk Dwodqwlf|ghwdlov:Hqhpb Dlufudiw
[Mon Apr 14 16:34:09 2025]  COMMAND       Decrypted Command:  command:launch|target:North Atlantic|details:Enemy Aircraft
[Mon Apr 14 16:34:09 2025]  COMMAND       Sent command to 127.0.0.1 : 8081 for Radar threat: Enemy Aircraft at North Atlantic
[Mon Apr 14 16:34:12 2025]  SIMULATION    Simulation running,  50 seconds remaining
[Mon Apr 14 16:34:12 2025]  MESSAGE       Encrypted Message:  vrxufh:Vdwhoolwh|wbsh:Dlu|gdwd:Vdwhoolwh Dqrpdob|wkuhdw_ohyho:0.78|orfdwlrq:Eduhqwv Vhd
[Mon Apr 14 16:34:12 2025]  MESSAGE       Decrypted Message:  source:Satellite|type:Air|data:Satellite Anomaly|threat_level:0.78|location:Barents Sea
[Mon Apr 14 16:34:12 2025]  THREAT        Source:  Satellite   Type:  Air   Details:  Satellite Anomaly     Threat Level:  0.78  Location:  Barents Sea
[Mon Apr 14 16:34:14 2025]  MESSAGE       Encrypted Message:  vrxufh:Udgdu|wbsh:Dlu|gdwd:Gurqh Vzdup|wkuhdw_ohyho:0.90|orfdwlrq:Edowlf Vhd
[Mon Apr 14 16:34:14 2025]  MESSAGE       Decrypted Message:  source:Radar|type:Air|data:Drone Swarm|threat_level:0.90|location:Baltic Sea
[Mon Apr 14 16:34:14 2025]  THREAT        Source:  Radar       Type:  Air   Details:  Drone Swarm           Threat Level:  0.90  Location:  Baltic Sea
[Mon Apr 14 16:34:14 2025]  COMMAND       Encrypted Command:  frppdqg:odxqfk|wdujhw:Edowlf Vhd|ghwdlov:Gurqh Vzdup
[Mon Apr 14 16:34:14 2025]  COMMAND       Decrypted Command:  command:launch|target:Baltic Sea|details:Drone Swarm
[Mon Apr 14 16:34:14 2025]  COMMAND       Sent command to 127.0.0.1 : 8081 for Radar threat: Drone Swarm at Baltic Sea
[Mon Apr 14 16:34:14 2025]  MESSAGE       Encrypted Message:  vrxufh:Vxepdulqh|wbsh:Vhd|gdwd:Wrushgr Odxqfk|wkuhdw_ohyho:0.45|orfdwlrq:Fhowlf Vhd
[Mon Apr 14 16:34:14 2025]  MESSAGE       Decrypted Message:  source:Submarine|type:Sea|data:Torpedo Launch|threat_level:0.45|location:Celtic Sea
[Mon Apr 14 16:34:14 2025]  THREAT        Source:  Submarine   Type:  Sea   Details:  Torpedo Launch        Threat Level:  0.45  Location:  Celtic Sea
[Mon Apr 14 16:34:17 2025]  SIMULATION    Simulation running,  45 seconds remaining
[Mon Apr 14 16:34:17 2025]  MESSAGE       Encrypted Message:  vrxufh:Vdwhoolwh|wbsh:Dlu|gdwd:Edoolvwlf Plvvloh|wkuhdw_ohyho:0.79|orfdwlrq:Dufwlf Rfhdq
[Mon Apr 14 16:34:17 2025]  MESSAGE       Decrypted Message:  source:Satellite|type:Air|data:Ballistic Missile|threat_level:0.79|location:Arctic Ocean
[Mon Apr 14 16:34:17 2025]  THREAT        Source:  Satellite   Type:  Air   Details:  Ballistic Missile     Threat Level:  0.79  Location:  Arctic Ocean
[Mon Apr 14 16:34:19 2025]  MESSAGE       Encrypted Message:  vrxufh:Udgdu|wbsh:Dlu|gdwd:Gurqh Vzdup|wkuhdw_ohyho:0.23|orfdwlrq:Edowlf Vhd
[Mon Apr 14 16:34:19 2025]  MESSAGE       Decrypted Message:  source:Radar|type:Air|data:Drone Swarm|threat_level:0.23|location:Baltic Sea
[Mon Apr 14 16:34:19 2025]  THREAT        Source:  Radar       Type:  Air   Details:  Drone Swarm           Threat Level:  0.23  Location:  Baltic Sea
[Mon Apr 14 16:34:21 2025]  MESSAGE       Encrypted Message:  vrxufh:Vxepdulqh|wbsh:Vhd|gdwd:Qdydo Iohhw|wkuhdw_ohyho:0.38|orfdwlrq:Lulvk Vhd
[Mon Apr 14 16:34:21 2025]  MESSAGE       Decrypted Message:  source:Submarine|type:Sea|data:Naval Fleet|threat_level:0.38|location:Irish Sea
[Mon Apr 14 16:34:21 2025]  THREAT        Source:  Submarine   Type:  Sea   Details:  Naval Fleet           Threat Level:  0.38  Location:  Irish Sea
[Mon Apr 14 16:34:22 2025]  SIMULATION    Simulation running,  40 seconds remaining
[Mon Apr 14 16:34:22 2025]  MESSAGE       Encrypted Message:  vrxufh:Vdwhoolwh|wbsh:Dlu|gdwd:Vdwhoolwh Dqrpdob|wkuhdw_ohyho:0.90|orfdwlrq:Eduhqwv Vhd
[Mon Apr 14 16:34:22 2025]  MESSAGE       Decrypted Message:  source:Satellite|type:Air|data:Satellite Anomaly|threat_level:0.90|location:Barents Sea
[Mon Apr 14 16:34:22 2025]  THREAT        Source:  Satellite   Type:  Air   Details:  Satellite Anomaly     Threat Level:  0.90  Location:  Barents Sea
[Mon Apr 14 16:34:24 2025]  MESSAGE       Encrypted Message:  vrxufh:Udgdu|wbsh:Dlu|gdwd:Plvvloh Vwulnh|wkuhdw_ohyho:0.65|orfdwlrq:Hqjolvk Fkdqqho
[Mon Apr 14 16:34:24 2025]  MESSAGE       Decrypted Message:  source:Radar|type:Air|data:Missile Strike|threat_level:0.65|location:English Channel
[Mon Apr 14 16:34:24 2025]  THREAT        Source:  Radar       Type:  Air   Details:  Missile Strike        Threat Level:  0.65  Location:  English Channel
[Mon Apr 14 16:34:27 2025]  SIMULATION    Simulation running,  35 seconds remaining
[Mon Apr 14 16:34:27 2025]  MESSAGE       Encrypted Message:  vrxufh:Vdwhoolwh|wbsh:Dlu|gdwd:Vdwhoolwh Dqrpdob|wkuhdw_ohyho:0.83|orfdwlrq:Eduhqwv Vhd
[Mon Apr 14 16:34:27 2025]  MESSAGE       Decrypted Message:  source:Satellite|type:Air|data:Satellite Anomaly|threat_level:0.83|location:Barents Sea
[Mon Apr 14 16:34:27 2025]  THREAT        Source:  Satellite   Type:  Air   Details:  Satellite Anomaly     Threat Level:  0.83  Location:  Barents Sea
[Mon Apr 14 16:34:28 2025]  MESSAGE       Encrypted Message:  vrxufh:Vxepdulqh|wbsh:Vhd|gdwd:Qdydo Iohhw|wkuhdw_ohyho:0.83|orfdwlrq:Lulvk Vhd
[Mon Apr 14 16:34:28 2025]  MESSAGE       Decrypted Message:  source:Submarine|type:Sea|data:Naval Fleet|threat_level:0.83|location:Irish Sea
[Mon Apr 14 16:34:28 2025]  THREAT        Source:  Submarine   Type:  Sea   Details:  Naval Fleet           Threat Level:  0.83  Location:  Irish Sea
[Mon Apr 14 16:34:29 2025]  MESSAGE       Encrypted Message:  vrxufh:Udgdu|wbsh:Dlu|gdwd:Gurqh Vzdup|wkuhdw_ohyho:0.82|orfdwlrq:Edowlf Vhd
[Mon Apr 14 16:34:29 2025]  MESSAGE       Decrypted Message:  source:Radar|type:Air|data:Drone Swarm|threat_level:0.82|location:Baltic Sea
[Mon Apr 14 16:34:29 2025]  THREAT        Source:  Radar       Type:  Air   Details:  Drone Swarm           Threat Level:  0.82  Location:  Baltic Sea
[Mon Apr 14 16:34:29 2025]  COMMAND       Encrypted Command:  frppdqg:odxqfk|wdujhw:Edowlf Vhd|ghwdlov:Gurqh Vzdup
[Mon Apr 14 16:34:29 2025]  COMMAND       Decrypted Command:  command:launch|target:Baltic Sea|details:Drone Swarm
[Mon Apr 14 16:34:29 2025]  COMMAND       Sent command to 127.0.0.1 : 8081 for Radar threat: Drone Swarm at Baltic Sea
[Mon Apr 14 16:34:32 2025]  SIMULATION    Simulation running,  30 seconds remaining
[Mon Apr 14 16:34:32 2025]  MESSAGE       Encrypted Message:  vrxufh:Vdwhoolwh|wbsh:Vhd|gdwd:Qdydo Iohhw|wkuhdw_ohyho:0.95|orfdwlrq:Phglwhuudqhdq
[Mon Apr 14 16:34:32 2025]  MESSAGE       Decrypted Message:  source:Satellite|type:Sea|data:Naval Fleet|threat_level:0.95|location:Mediterranean
[Mon Apr 14 16:34:32 2025]  THREAT        Source:  Satellite   Type:  Sea   Details:  Naval Fleet           Threat Level:  0.95  Location:  Mediterranean
[Mon Apr 14 16:34:34 2025]  MESSAGE       Encrypted Message:  vrxufh:Udgdu|wbsh:Dlu|gdwd:Hqhpb Dlufudiw|wkuhdw_ohyho:0.58|orfdwlrq:Qruwk Dwodqwlf
[Mon Apr 14 16:34:34 2025]  MESSAGE       Decrypted Message:  source:Radar|type:Air|data:Enemy Aircraft|threat_level:0.58|location:North Atlantic
[Mon Apr 14 16:34:34 2025]  THREAT        Source:  Radar       Type:  Air   Details:  Enemy Aircraft        Threat Level:  0.58  Location:  North Atlantic
[Mon Apr 14 16:34:35 2025]  MESSAGE       Encrypted Message:  vrxufh:Vxepdulqh|wbsh:Vhd|gdwd:Wrushgr Odxqfk|wkuhdw_ohyho:0.90|orfdwlrq:Fhowlf Vhd
[Mon Apr 14 16:34:35 2025]  MESSAGE       Decrypted Message:  source:Submarine|type:Sea|data:Torpedo Launch|threat_level:0.90|location:Celtic Sea
[Mon Apr 14 16:34:35 2025]  THREAT        Source:  Submarine   Type:  Sea   Details:  Torpedo Launch        Threat Level:  0.90  Location:  Celtic Sea
[Mon Apr 14 16:34:37 2025]  SIMULATION    Simulation running,  25 seconds remaining
[Mon Apr 14 16:34:37 2025]  MESSAGE       Encrypted Message:  vrxufh:Vdwhoolwh|wbsh:Dlu|gdwd:Vdwhoolwh Dqrpdob|wkuhdw_ohyho:0.82|orfdwlrq:Eduhqwv Vhd
[Mon Apr 14 16:34:37 2025]  MESSAGE       Decrypted Message:  source:Satellite|type:Air|data:Satellite Anomaly|threat_level:0.82|location:Barents Sea
[Mon Apr 14 16:34:37 2025]  THREAT        Source:  Satellite   Type:  Air   Details:  Satellite Anomaly     Threat Level:  0.82  Location:  Barents Sea
[Mon Apr 14 16:34:39 2025]  MESSAGE       Encrypted Message:  vrxufh:Udgdu|wbsh:Dlu|gdwd:Gurqh Vzdup|wkuhdw_ohyho:0.67|orfdwlrq:Edowlf Vhd
[Mon Apr 14 16:34:39 2025]  MESSAGE       Decrypted Message:  source:Radar|type:Air|data:Drone Swarm|threat_level:0.67|location:Baltic Sea
[Mon Apr 14 16:34:39 2025]  THREAT        Source:  Radar       Type:  Air   Details:  Drone Swarm           Threat Level:  0.67  Location:  Baltic Sea
[Mon Apr 14 16:34:42 2025]  SIMULATION    Simulation running,  20 seconds remaining
[Mon Apr 14 16:34:42 2025]  MESSAGE       Encrypted Message:  vrxufh:Vdwhoolwh|wbsh:Dlu|gdwd:Edoolvwlf Plvvloh|wkuhdw_ohyho:0.88|orfdwlrq:Dufwlf Rfhdq
[Mon Apr 14 16:34:42 2025]  MESSAGE       Decrypted Message:  source:Satellite|type:Air|data:Ballistic Missile|threat_level:0.88|location:Arctic Ocean
[Mon Apr 14 16:34:42 2025]  THREAT        Source:  Satellite   Type:  Air   Details:  Ballistic Missile     Threat Level:  0.88  Location:  Arctic Ocean
[Mon Apr 14 16:34:42 2025]  MESSAGE       Encrypted Message:  vrxufh:Vxepdulqh|wbsh:Vhd|gdwd:Qdydo Iohhw|wkuhdw_ohyho:0.25|orfdwlrq:Lulvk Vhd
[Mon Apr 14 16:34:42 2025]  MESSAGE       Decrypted Message:  source:Submarine|type:Sea|data:Naval Fleet|threat_level:0.25|location:Irish Sea
[Mon Apr 14 16:34:42 2025]  THREAT        Source:  Submarine   Type:  Sea   Details:  Naval Fleet           Threat Level:  0.25  Location:  Irish Sea
[Mon Apr 14 16:34:44 2025]  MESSAGE       Encrypted Message:  vrxufh:Udgdu|wbsh:Dlu|gdwd:Plvvloh Vwulnh|wkuhdw_ohyho:0.26|orfdwlrq:Hqjolvk Fkdqqho
[Mon Apr 14 16:34:44 2025]  MESSAGE       Decrypted Message:  source:Radar|type:Air|data:Missile Strike|threat_level:0.26|location:English Channel
[Mon Apr 14 16:34:44 2025]  THREAT        Source:  Radar       Type:  Air   Details:  Missile Strike        Threat Level:  0.26  Location:  English Channel
[Mon Apr 14 16:34:47 2025]  SIMULATION    Simulation running,  15 seconds remaining
[Mon Apr 14 16:34:47 2025]  MESSAGE       Encrypted Message:  vrxufh:Vdwhoolwh|wbsh:Dlu|gdwd:Vdwhoolwh Dqrpdob|wkuhdw_ohyho:0.97|orfdwlrq:Eduhqwv Vhd
[Mon Apr 14 16:34:47 2025]  MESSAGE       Decrypted Message:  source:Satellite|type:Air|data:Satellite Anomaly|threat_level:0.97|location:Barents Sea
[Mon Apr 14 16:34:47 2025]  THREAT        Source:  Satellite   Type:  Air   Details:  Satellite Anomaly     Threat Level:  0.97  Location:  Barents Sea
[Mon Apr 14 16:34:49 2025]  MESSAGE       Encrypted Message:  vrxufh:Udgdu|wbsh:Dlu|gdwd:Plvvloh Vwulnh|wkuhdw_ohyho:0.62|orfdwlrq:Hqjolvk Fkdqqho
[Mon Apr 14 16:34:49 2025]  MESSAGE       Decrypted Message:  source:Radar|type:Air|data:Missile Strike|threat_level:0.62|location:English Channel
[Mon Apr 14 16:34:49 2025]  THREAT        Source:  Radar       Type:  Air   Details:  Missile Strike        Threat Level:  0.62  Location:  English Channel
[Mon Apr 14 16:34:49 2025]  MESSAGE       Encrypted Message:  vrxufh:Vxepdulqh|wbsh:Vhd|gdwd:Hqhpb Vxepdulqh|wkuhdw_ohyho:0.70|orfdwlrq:Qruzhjldq Vhd
[Mon Apr 14 16:34:49 2025]  MESSAGE       Decrypted Message:  source:Submarine|type:Sea|data:Enemy Submarine|threat_level:0.70|location:Norwegian Sea
[Mon Apr 14 16:34:49 2025]  THREAT        Source:  Submarine   Type:  Sea   Details:  Enemy Submarine       Threat Level:  0.70  Location:  Norwegian Sea
[Mon Apr 14 16:34:52 2025]  SIMULATION    Simulation running,  10 seconds remaining
[Mon Apr 14 16:34:52 2025]  MESSAGE       Encrypted Message:  vrxufh:Vdwhoolwh|wbsh:Vhd|gdwd:Qdydo Iohhw|wkuhdw_ohyho:0.86|orfdwlrq:Phglwhuudqhdq
[Mon Apr 14 16:34:52 2025]  MESSAGE       Decrypted Message:  source:Satellite|type:Sea|data:Naval Fleet|threat_level:0.86|location:Mediterranean
[Mon Apr 14 16:34:52 2025]  THREAT        Source:  Satellite   Type:  Sea   Details:  Naval Fleet           Threat Level:  0.86  Location:  Mediterranean
[Mon Apr 14 16:34:54 2025]  MESSAGE       Encrypted Message:  vrxufh:Udgdu|wbsh:Dlu|gdwd:Hqhpb Dlufudiw|wkuhdw_ohyho:0.73|orfdwlrq:Qruwk Dwodqwlf
[Mon Apr 14 16:34:54 2025]  MESSAGE       Decrypted Message:  source:Radar|type:Air|data:Enemy Aircraft|threat_level:0.73|location:North Atlantic
[Mon Apr 14 16:34:54 2025]  THREAT        Source:  Radar       Type:  Air   Details:  Enemy Aircraft        Threat Level:  0.73  Location:  North Atlantic
[Mon Apr 14 16:34:54 2025]  COMMAND       Encrypted Command:  frppdqg:odxqfk|wdujhw:Qruwk Dwodqwlf|ghwdlov:Hqhpb Dlufudiw
[Mon Apr 14 16:34:54 2025]  COMMAND       Decrypted Command:  command:launch|target:North Atlantic|details:Enemy Aircraft
[Mon Apr 14 16:34:54 2025]  COMMAND       Sent command to 127.0.0.1 : 8081 for Radar threat: Enemy Aircraft at North Atlantic
[Mon Apr 14 16:34:56 2025]  MESSAGE       Encrypted Message:  vrxufh:Vxepdulqh|wbsh:Vhd|gdwd:Hqhpb Vxepdulqh|wkuhdw_ohyho:0.56|orfdwlrq:Qruzhjldq Vhd
[Mon Apr 14 16:34:56 2025]  MESSAGE       Decrypted Message:  source:Submarine|type:Sea|data:Enemy Submarine|threat_level:0.56|location:Norwegian Sea
[Mon Apr 14 16:34:56 2025]  THREAT        Source:  Submarine   Type:  Sea   Details:  Enemy Submarine       Threat Level:  0.56  Location:  Norwegian Sea
[Mon Apr 14 16:34:57 2025]  SIMULATION    Simulation running,  5 seconds remaining
[Mon Apr 14 16:34:57 2025]  MESSAGE       Encrypted Message:  vrxufh:Vdwhoolwh|wbsh:Vhd|gdwd:Qdydo Iohhw|wkuhdw_ohyho:0.92|orfdwlrq:Phglwhuudqhdq
[Mon Apr 14 16:34:57 2025]  MESSAGE       Decrypted Message:  source:Satellite|type:Sea|data:Naval Fleet|threat_level:0.92|location:Mediterranean
[Mon Apr 14 16:34:57 2025]  THREAT        Source:  Satellite   Type:  Sea   Details:  Naval Fleet           Threat Level:  0.92  Location:  Mediterranean
[Mon Apr 14 16:34:59 2025]  MESSAGE       Encrypted Message:  vrxufh:Udgdu|wbsh:Dlu|gdwd:Hqhpb Dlufudiw|wkuhdw_ohyho:0.39|orfdwlrq:Qruwk Dwodqwlf
[Mon Apr 14 16:34:59 2025]  MESSAGE       Decrypted Message:  source:Radar|type:Air|data:Enemy Aircraft|threat_level:0.39|location:North Atlantic
[Mon Apr 14 16:34:59 2025]  THREAT        Source:  Radar       Type:  Air   Details:  Enemy Aircraft        Threat Level:  0.39  Location:  North Atlantic
[Mon Apr 14 16:35:02 2025]  SHUTDOWN      Nuclear Control terminated after 2 minutes simulation
